Using pre-set license
Built from '2021.3/staging' branch; Version is '2021.3.18f1 (3129e69bc0c7) revision 3221990'; Using compiler version '192829333'; Build Type 'Release'
OS: 'Windows 10  (10.0.19045) 64bit Core' Language: 'ko' Physical Memory: 16297 MB
BatchMode: 1, IsHumanControllingUs: 0, StartBugReporterOnCrash: 0, Is64bit: 1, IsPro: 1

COMMAND LINE ARGUMENTS:
D:\Unity\2021.3.18f1\Editor\Unity.exe
-adb2
-batchMode
-noUpm
-name
AssetImportWorker2
-projectPath
D:/SBS_Code/Unity-Photon/Photon Game
-logFile
Logs/AssetImportWorker2.log
-srvPort
61518
Successfully changed project path to: D:/SBS_Code/Unity-Photon/Photon Game
D:/SBS_Code/Unity-Photon/Photon Game
[UnityMemory] Configuration Parameters - Can be set up in boot.config
    "memorysetup-bucket-allocator-granularity=16"
    "memorysetup-bucket-allocator-bucket-count=8"
    "memorysetup-bucket-allocator-block-size=33554432"
    "memorysetup-bucket-allocator-block-count=8"
    "memorysetup-main-allocator-block-size=16777216"
    "memorysetup-thread-allocator-block-size=16777216"
    "memorysetup-gfx-main-allocator-block-size=16777216"
    "memorysetup-gfx-thread-allocator-block-size=16777216"
    "memorysetup-cache-allocator-block-size=4194304"
    "memorysetup-typetree-allocator-block-size=2097152"
    "memorysetup-profiler-bucket-allocator-granularity=16"
    "memorysetup-profiler-bucket-allocator-bucket-count=8"
    "memorysetup-profiler-bucket-allocator-block-size=33554432"
    "memorysetup-profiler-bucket-allocator-block-count=8"
    "memorysetup-profiler-allocator-block-size=16777216"
    "memorysetup-profiler-editor-allocator-block-size=1048576"
    "memorysetup-temp-allocator-size-main=16777216"
    "memorysetup-job-temp-allocator-block-size=2097152"
    "memorysetup-job-temp-allocator-block-size-background=1048576"
    "memorysetup-job-temp-allocator-reduction-small-platforms=262144"
    "memorysetup-temp-allocator-size-background-worker=32768"
    "memorysetup-temp-allocator-size-job-worker=262144"
    "memorysetup-temp-allocator-size-preload-manager=33554432"
    "memorysetup-temp-allocator-size-nav-mesh-worker=65536"
    "memorysetup-temp-allocator-size-audio-worker=65536"
    "memorysetup-temp-allocator-size-cloud-worker=32768"
    "memorysetup-temp-allocator-size-gi-baking-worker=262144"
    "memorysetup-temp-allocator-size-gfx=262144"
Player connection [49992] Host "[IP] 192.168.219.103 [Port] 0 [Flags] 2 [Guid] 4200446749 [EditorId] 4200446749 [Version] 1048832 [Id] WindowsEditor(7,DESKTOP-BCRNDE9) [Debug] 1 [PackageName] WindowsEditor [ProjectName] Editor" joined multi-casting on [225.0.0.222:54997]...

Player connection [49992] Host "[IP] 192.168.219.103 [Port] 0 [Flags] 2 [Guid] 4200446749 [EditorId] 4200446749 [Version] 1048832 [Id] WindowsEditor(7,DESKTOP-BCRNDE9) [Debug] 1 [PackageName] WindowsEditor [ProjectName] Editor" joined alternative multi-casting on [225.0.0.222:34997]...

Refreshing native plugins compatible for Editor in 78.29 ms, found 3 plugins.
Preloading 0 native plugins for Editor in 0.00 ms.
Initialize engine version: 2021.3.18f1 (3129e69bc0c7)
[Subsystems] Discovering subsystems at path D:/Unity/2021.3.18f1/Editor/Data/Resources/UnitySubsystems
[Subsystems] Discovering subsystems at path D:/SBS_Code/Unity-Photon/Photon Game/Assets
GfxDevice: creating device client; threaded=0; jobified=0
Direct3D:
    Version:  Direct3D 11.0 [level 11.1]
    Renderer: NVIDIA GeForce RTX 3070 (ID=0x2484)
    Vendor:   NVIDIA
    VRAM:     8031 MB
    Driver:   31.0.15.3179
Initialize mono
Mono path[0] = 'D:/Unity/2021.3.18f1/Editor/Data/Managed'
Mono path[1] = 'D:/Unity/2021.3.18f1/Editor/Data/MonoBleedingEdge/lib/mono/unityjit-win32'
Mono config path = 'D:/Unity/2021.3.18f1/Editor/Data/MonoBleedingEdge/etc'
Using monoOptions --debugger-agent=transport=dt_socket,embedding=1,server=y,suspend=n,address=127.0.0.1:56880
Begin MonoManager ReloadAssembly
Registering precompiled unity dll's ...
Register platform support module: D:/Unity/2021.3.18f1/Editor/Data/PlaybackEngines/AndroidPlayer/UnityEditor.Android.Extensions.dll
Register platform support module: D:/Unity/2021.3.18f1/Editor/Data/PlaybackEngines/iOSSupport/UnityEditor.iOS.Extensions.dll
Register platform support module: D:/Unity/2021.3.18f1/Editor/Data/PlaybackEngines/WindowsStandaloneSupport/UnityEditor.WindowsStandalone.Extensions.dll
Registered in 0.018438 seconds.
Native extension for WindowsStandalone target not found
[usbmuxd] Start listen thread
[usbmuxd] Listen thread started
Native extension for iOS target not found
Native extension for Android target not found
Android Extension - Scanning For ADB Devices 326 ms
Refreshing native plugins compatible for Editor in 86.74 ms, found 3 plugins.
Preloading 0 native plugins for Editor in 0.00 ms.
Mono: successfully reloaded assembly
- Completed reload, in  1.052 seconds
Domain Reload Profiling:
	ReloadAssembly (1052ms)
		BeginReloadAssembly (110ms)
			ExecutionOrderSort (0ms)
			DisableScriptedObjects (0ms)
			BackupInstance (0ms)
			ReleaseScriptingObjects (0ms)
			CreateAndSetChildDomain (1ms)
		EndReloadAssembly (810ms)
			LoadAssemblies (105ms)
			RebuildTransferFunctionScriptingTraits (0ms)
			SetupTypeCache (117ms)
			ReleaseScriptCaches (0ms)
			RebuildScriptCaches (24ms)
			SetupLoadedEditorAssemblies (611ms)
				LogAssemblyErrors (0ms)
				InitializePlatformSupportModulesInManaged (403ms)
				SetLoadedEditorAssemblies (0ms)
				RefreshPlugins (87ms)
				BeforeProcessingInitializeOnLoad (1ms)
				ProcessInitializeOnLoadAttributes (76ms)
				ProcessInitializeOnLoadMethodAttributes (44ms)
				AfterProcessingInitializeOnLoad (0ms)
				EditorAssembliesLoaded (0ms)
			ExecutionOrderSort2 (0ms)
			AwakeInstancesAfterBackupRestoration (0ms)
Platform modules already initialized, skipping
Registering precompiled user dll's ...
Registered in 0.019886 seconds.
Begin MonoManager ReloadAssembly
Symbol file LoadedFromMemory doesn't match image D:\SBS_Code\Unity-Photon\Photon Game\Library\PackageCache\com.unity.visualscripting@1.8.0\Editor\VisualScripting.Core\Dependencies\YamlDotNet\Unity.VisualScripting.YamlDotNet.dll
Symbol file LoadedFromMemory doesn't match image D:\SBS_Code\Unity-Photon\Photon Game\Library\PackageCache\com.unity.visualscripting@1.8.0\Editor\VisualScripting.Core\Dependencies\DotNetZip\Unity.VisualScripting.IonicZip.dll
Native extension for WindowsStandalone target not found
Native extension for iOS target not found
Native extension for Android target not found
Refreshing native plugins compatible for Editor in 0.65 ms, found 3 plugins.
Preloading 0 native plugins for Editor in 0.00 ms.
Mono: successfully reloaded assembly
- Completed reload, in  1.325 seconds
Domain Reload Profiling:
	ReloadAssembly (1326ms)
		BeginReloadAssembly (143ms)
			ExecutionOrderSort (0ms)
			DisableScriptedObjects (5ms)
			BackupInstance (0ms)
			ReleaseScriptingObjects (0ms)
			CreateAndSetChildDomain (17ms)
		EndReloadAssembly (1053ms)
			LoadAssemblies (145ms)
			RebuildTransferFunctionScriptingTraits (0ms)
			SetupTypeCache (292ms)
			ReleaseScriptCaches (1ms)
			RebuildScriptCaches (48ms)
			SetupLoadedEditorAssemblies (548ms)
				LogAssemblyErrors (0ms)
				InitializePlatformSupportModulesInManaged (31ms)
				SetLoadedEditorAssemblies (0ms)
				RefreshPlugins (1ms)
				BeforeProcessingInitializeOnLoad (104ms)
				ProcessInitializeOnLoadAttributes (374ms)
				ProcessInitializeOnLoadMethodAttributes (18ms)
				AfterProcessingInitializeOnLoad (20ms)
				EditorAssembliesLoaded (0ms)
			ExecutionOrderSort2 (0ms)
			AwakeInstancesAfterBackupRestoration (10ms)
Platform modules already initialized, skipping
========================================================================
Worker process is ready to serve import requests
Launched and connected shader compiler UnityShaderCompiler.exe after 0.04 seconds
Refreshing native plugins compatible for Editor in 1.06 ms, found 3 plugins.
Preloading 0 native plugins for Editor in 0.00 ms.
Unloading 3415 Unused Serialized files (Serialized files now loaded: 0)
Unloading 37 unused Assets / (113.6 KB). Loaded Objects now: 3870.
Memory consumption went from 128.7 MB to 128.6 MB.
Total: 2.567900 ms (FindLiveObjects: 0.258400 ms CreateObjectMapping: 0.192800 ms MarkObjects: 2.013600 ms  DeleteObjects: 0.102400 ms)

AssetImportParameters requested are different than current active one (requested -> active):
  custom:video-decoder-ogg-theora: a1e56fd34408186e4bbccfd4996cb3dc -> 
  custom:container-muxer-webm: aa71ff27fc2769a1b78a27578f13a17b -> 
  custom:container-demuxer-webm: 4f35f7cbe854078d1ac9338744f61a02 -> 
  custom:video-encoder-webm-vp8: eb34c28f22e8b96e1ab97ce403110664 -> 
  custom:audio-encoder-webm-vorbis: bf7c407c2cedff20999df2af8eb42d56 -> 
  custom:framework-win-MediaFoundation: 216162199b28c13a410421893ffa2e32 -> 
  custom:container-demuxer-ogg: 62fdf1f143b41e24485cea50d1cbac27 -> 
  custom:video-decoder-webm-vp8: 9c59270c3fd7afecdb556c50c9e8de78 -> 
  custom:audio-decoder-ogg-vorbis: bf7c407c2cedff20999df2af8eb42d56 -> 
========================================================================
Received Import Request.
  Time since last request: 386047.103405 seconds.
  path: Assets/Script/PhotonPlayer.cs
  artifactKey: Guid(9d89b3fba79f1f44b8fe2304c73a4509) Importer(815301076,1909f56bfc062723c751e8b465ee728b)
Start importing Assets/Script/PhotonPlayer.cs using Guid(9d89b3fba79f1f44b8fe2304c73a4509) Importer(815301076,1909f56bfc062723c751e8b465ee728b)  -> (artifact id: '619dab35f45a0e2d248fe9aa923ec1b9') in 0.034441 seconds 
========================================================================
Received Prepare
Registering precompiled user dll's ...
Registered in 0.019552 seconds.
Begin MonoManager ReloadAssembly
Symbol file LoadedFromMemory doesn't match image D:\SBS_Code\Unity-Photon\Photon Game\Library\PackageCache\com.unity.visualscripting@1.8.0\Editor\VisualScripting.Core\Dependencies\YamlDotNet\Unity.VisualScripting.YamlDotNet.dll
Symbol file LoadedFromMemory doesn't match image D:\SBS_Code\Unity-Photon\Photon Game\Library\PackageCache\com.unity.visualscripting@1.8.0\Editor\VisualScripting.Core\Dependencies\DotNetZip\Unity.VisualScripting.IonicZip.dll
Native extension for WindowsStandalone target not found
Native extension for iOS target not found
Native extension for Android target not found
Refreshing native plugins compatible for Editor in 0.57 ms, found 3 plugins.
Preloading 0 native plugins for Editor in 0.00 ms.
Mono: successfully reloaded assembly
- Completed reload, in  1.246 seconds
Domain Reload Profiling:
	ReloadAssembly (1247ms)
		BeginReloadAssembly (186ms)
			ExecutionOrderSort (0ms)
			DisableScriptedObjects (5ms)
			BackupInstance (0ms)
			ReleaseScriptingObjects (0ms)
			CreateAndSetChildDomain (37ms)
		EndReloadAssembly (948ms)
			LoadAssemblies (150ms)
			RebuildTransferFunctionScriptingTraits (0ms)
			SetupTypeCache (266ms)
			ReleaseScriptCaches (1ms)
			RebuildScriptCaches (34ms)
			SetupLoadedEditorAssemblies (484ms)
				LogAssemblyErrors (0ms)
				InitializePlatformSupportModulesInManaged (37ms)
				SetLoadedEditorAssemblies (0ms)
				RefreshPlugins (1ms)
				BeforeProcessingInitializeOnLoad (82ms)
				ProcessInitializeOnLoadAttributes (327ms)
				ProcessInitializeOnLoadMethodAttributes (17ms)
				AfterProcessingInitializeOnLoad (20ms)
				EditorAssembliesLoaded (0ms)
			ExecutionOrderSort2 (0ms)
			AwakeInstancesAfterBackupRestoration (14ms)
Platform modules already initialized, skipping
Refreshing native plugins compatible for Editor in 2.81 ms, found 3 plugins.
Preloading 0 native plugins for Editor in 0.00 ms.
Unloading 3395 Unused Serialized files (Serialized files now loaded: 0)
Unloading 28 unused Assets / (80.0 KB). Loaded Objects now: 3876.
Memory consumption went from 127.1 MB to 127.1 MB.
Total: 2.275200 ms (FindLiveObjects: 0.236100 ms CreateObjectMapping: 0.129700 ms MarkObjects: 1.840900 ms  DeleteObjects: 0.067900 ms)

AssetImportParameters requested are different than current active one (requested -> active):
  custom:video-decoder-ogg-theora: a1e56fd34408186e4bbccfd4996cb3dc -> 
  custom:container-muxer-webm: aa71ff27fc2769a1b78a27578f13a17b -> 
  custom:container-demuxer-webm: 4f35f7cbe854078d1ac9338744f61a02 -> 
  custom:video-encoder-webm-vp8: eb34c28f22e8b96e1ab97ce403110664 -> 
  custom:audio-encoder-webm-vorbis: bf7c407c2cedff20999df2af8eb42d56 -> 
  custom:framework-win-MediaFoundation: 216162199b28c13a410421893ffa2e32 -> 
  custom:container-demuxer-ogg: 62fdf1f143b41e24485cea50d1cbac27 -> 
  custom:video-decoder-webm-vp8: 9c59270c3fd7afecdb556c50c9e8de78 -> 
  custom:audio-decoder-ogg-vorbis: bf7c407c2cedff20999df2af8eb42d56 -> 
========================================================================
Received Import Request.
  Time since last request: 120.106650 seconds.
  path: Assets/Resources/Character.prefab
  artifactKey: Guid(c0711e73a1c10414a8906d66e8c3ffb7) Importer(815301076,1909f56bfc062723c751e8b465ee728b)
Start importing Assets/Resources/Character.prefab using Guid(c0711e73a1c10414a8906d66e8c3ffb7) Importer(815301076,1909f56bfc062723c751e8b465ee728b)  -> (artifact id: 'cd3aa6184314a80ea9ef4c5498ab7616') in 0.143889 seconds 
========================================================================
Received Import Request.
  Time since last request: 0.026428 seconds.
  path: Assets/Resources/Character.prefab
  artifactKey: Guid(c0711e73a1c10414a8906d66e8c3ffb7) Importer(815301076,1909f56bfc062723c751e8b465ee728b)
Start importing Assets/Resources/Character.prefab using Guid(c0711e73a1c10414a8906d66e8c3ffb7) Importer(815301076,1909f56bfc062723c751e8b465ee728b)  -> (artifact id: '90f923112d0c8a2f9ca0c7f1a7770ccf') in 0.037010 seconds 
========================================================================
Received Import Request.
  Time since last request: 460.004574 seconds.
  path: Assets/Resources/Character.prefab
  artifactKey: Guid(c0711e73a1c10414a8906d66e8c3ffb7) Importer(815301076,1909f56bfc062723c751e8b465ee728b)
Start importing Assets/Resources/Character.prefab using Guid(c0711e73a1c10414a8906d66e8c3ffb7) Importer(815301076,1909f56bfc062723c751e8b465ee728b)  -> (artifact id: '52747c8907ac91c8014bd017f35bd496') in 0.033180 seconds 
========================================================================
Received Import Request.
  Time since last request: 11.127178 seconds.
  path: Assets/Resources/Character.prefab
  artifactKey: Guid(c0711e73a1c10414a8906d66e8c3ffb7) Importer(815301076,1909f56bfc062723c751e8b465ee728b)
Start importing Assets/Resources/Character.prefab using Guid(c0711e73a1c10414a8906d66e8c3ffb7) Importer(815301076,1909f56bfc062723c751e8b465ee728b)  -> (artifact id: '5a958decd7ef005eb6a75e071f8c5136') in 0.026568 seconds 
========================================================================
Received Import Request.
  Time since last request: 32.409145 seconds.
  path: Assets/Resources/Character.prefab
  artifactKey: Guid(c0711e73a1c10414a8906d66e8c3ffb7) Importer(815301076,1909f56bfc062723c751e8b465ee728b)
Start importing Assets/Resources/Character.prefab using Guid(c0711e73a1c10414a8906d66e8c3ffb7) Importer(815301076,1909f56bfc062723c751e8b465ee728b)  -> (artifact id: '6774dc337c98ca837a16a0628f9d4398') in 0.027874 seconds 
========================================================================
Received Import Request.
  Time since last request: 23.019886 seconds.
  path: Assets/Resources/Character.prefab
  artifactKey: Guid(c0711e73a1c10414a8906d66e8c3ffb7) Importer(815301076,1909f56bfc062723c751e8b465ee728b)
Start importing Assets/Resources/Character.prefab using Guid(c0711e73a1c10414a8906d66e8c3ffb7) Importer(815301076,1909f56bfc062723c751e8b465ee728b)  -> (artifact id: '5af13e46776616ad2094faed0de9c230') in 0.026607 seconds 
========================================================================
Received Import Request.
  Time since last request: 778.573638 seconds.
  path: Assets/Script/GameManager.cs
  artifactKey: Guid(d2f4a8fea42c1324280c7a34a17bf17b) Importer(815301076,1909f56bfc062723c751e8b465ee728b)
Start importing Assets/Script/GameManager.cs using Guid(d2f4a8fea42c1324280c7a34a17bf17b) Importer(815301076,1909f56bfc062723c751e8b465ee728b)  -> (artifact id: 'ccb557aaf8455fe223f8da8a9c9dc2a8') in 0.009000 seconds 
========================================================================
Received Prepare
Registering precompiled user dll's ...
Registered in 0.034299 seconds.
Begin MonoManager ReloadAssembly
Symbol file LoadedFromMemory doesn't match image D:\SBS_Code\Unity-Photon\Photon Game\Library\PackageCache\com.unity.visualscripting@1.8.0\Editor\VisualScripting.Core\Dependencies\YamlDotNet\Unity.VisualScripting.YamlDotNet.dll
Symbol file LoadedFromMemory doesn't match image D:\SBS_Code\Unity-Photon\Photon Game\Library\PackageCache\com.unity.visualscripting@1.8.0\Editor\VisualScripting.Core\Dependencies\DotNetZip\Unity.VisualScripting.IonicZip.dll
Native extension for WindowsStandalone target not found
Native extension for iOS target not found
Native extension for Android target not found
Refreshing native plugins compatible for Editor in 0.58 ms, found 3 plugins.
Preloading 0 native plugins for Editor in 0.00 ms.
Mono: successfully reloaded assembly
- Completed reload, in  1.565 seconds
Domain Reload Profiling:
	ReloadAssembly (1566ms)
		BeginReloadAssembly (263ms)
			ExecutionOrderSort (0ms)
			DisableScriptedObjects (5ms)
			BackupInstance (0ms)
			ReleaseScriptingObjects (0ms)
			CreateAndSetChildDomain (54ms)
		EndReloadAssembly (1176ms)
			LoadAssemblies (198ms)
			RebuildTransferFunctionScriptingTraits (0ms)
			SetupTypeCache (309ms)
			ReleaseScriptCaches (1ms)
			RebuildScriptCaches (36ms)
			SetupLoadedEditorAssemblies (628ms)
				LogAssemblyErrors (0ms)
				InitializePlatformSupportModulesInManaged (42ms)
				SetLoadedEditorAssemblies (0ms)
				RefreshPlugins (1ms)
				BeforeProcessingInitializeOnLoad (92ms)
				ProcessInitializeOnLoadAttributes (441ms)
				ProcessInitializeOnLoadMethodAttributes (23ms)
				AfterProcessingInitializeOnLoad (28ms)
				EditorAssembliesLoaded (0ms)
			ExecutionOrderSort2 (0ms)
			AwakeInstancesAfterBackupRestoration (25ms)
Platform modules already initialized, skipping
Refreshing native plugins compatible for Editor in 3.25 ms, found 3 plugins.
Preloading 0 native plugins for Editor in 0.00 ms.
Unloading 3396 Unused Serialized files (Serialized files now loaded: 0)
Unloading 28 unused Assets / (80.0 KB). Loaded Objects now: 3891.
Memory consumption went from 144.4 MB to 144.3 MB.
Total: 2.403200 ms (FindLiveObjects: 0.247200 ms CreateObjectMapping: 0.158300 ms MarkObjects: 1.913900 ms  DeleteObjects: 0.082800 ms)

AssetImportParameters requested are different than current active one (requested -> active):
  custom:video-decoder-ogg-theora: a1e56fd34408186e4bbccfd4996cb3dc -> 
  custom:container-muxer-webm: aa71ff27fc2769a1b78a27578f13a17b -> 
  custom:container-demuxer-webm: 4f35f7cbe854078d1ac9338744f61a02 -> 
  custom:video-encoder-webm-vp8: eb34c28f22e8b96e1ab97ce403110664 -> 
  custom:audio-encoder-webm-vorbis: bf7c407c2cedff20999df2af8eb42d56 -> 
  custom:framework-win-MediaFoundation: 216162199b28c13a410421893ffa2e32 -> 
  custom:container-demuxer-ogg: 62fdf1f143b41e24485cea50d1cbac27 -> 
  custom:video-decoder-webm-vp8: 9c59270c3fd7afecdb556c50c9e8de78 -> 
  custom:audio-decoder-ogg-vorbis: bf7c407c2cedff20999df2af8eb42d56 -> 
========================================================================
Received Import Request.
  Time since last request: 140.235826 seconds.
  path: Assets/Animator/New Animator Controller.controller
  artifactKey: Guid(9f46a7bc360e83d4ca0ff50e51bcad35) Importer(815301076,1909f56bfc062723c751e8b465ee728b)
Start importing Assets/Animator/New Animator Controller.controller using Guid(9f46a7bc360e83d4ca0ff50e51bcad35) Importer(815301076,1909f56bfc062723c751e8b465ee728b)  -> (artifact id: '39ad197ad2031e330f666e07fbce4dcc') in 0.024544 seconds 
========================================================================
Received Import Request.
  Time since last request: 59.191497 seconds.
  path: Assets/Resources/Character.prefab
  artifactKey: Guid(c0711e73a1c10414a8906d66e8c3ffb7) Importer(815301076,1909f56bfc062723c751e8b465ee728b)
Start importing Assets/Resources/Character.prefab using Guid(c0711e73a1c10414a8906d66e8c3ffb7) Importer(815301076,1909f56bfc062723c751e8b465ee728b)  -> (artifact id: 'b28829b2e09c9467e8a5f6642aeffac1') in 0.123196 seconds 
========================================================================
Received Import Request.
  Time since last request: 61.486806 seconds.
  path: Assets/Resources/Character.prefab
  artifactKey: Guid(c0711e73a1c10414a8906d66e8c3ffb7) Importer(815301076,1909f56bfc062723c751e8b465ee728b)
Start importing Assets/Resources/Character.prefab using Guid(c0711e73a1c10414a8906d66e8c3ffb7) Importer(815301076,1909f56bfc062723c751e8b465ee728b)  -> (artifact id: '494d9552c07f02cbdb1f54e1e73dda47') in 0.047049 seconds 
========================================================================
Received Import Request.
  Time since last request: 4.379163 seconds.
  path: Assets/Resources/Character.prefab
  artifactKey: Guid(c0711e73a1c10414a8906d66e8c3ffb7) Importer(815301076,1909f56bfc062723c751e8b465ee728b)
Start importing Assets/Resources/Character.prefab using Guid(c0711e73a1c10414a8906d66e8c3ffb7) Importer(815301076,1909f56bfc062723c751e8b465ee728b)  -> (artifact id: '04fadf1d9aadac005aa517022a7b5182') in 0.046619 seconds 
========================================================================
Received Import Request.
  Time since last request: 17.718825 seconds.
  path: Assets/Resources/Character.prefab
  artifactKey: Guid(c0711e73a1c10414a8906d66e8c3ffb7) Importer(815301076,1909f56bfc062723c751e8b465ee728b)
Start importing Assets/Resources/Character.prefab using Guid(c0711e73a1c10414a8906d66e8c3ffb7) Importer(815301076,1909f56bfc062723c751e8b465ee728b)  -> (artifact id: '924704c4a1372adeb4a831f20d087e1a') in 0.045323 seconds 
========================================================================
Received Import Request.
  Time since last request: 6.294782 seconds.
  path: Assets/Resources/Character.prefab
  artifactKey: Guid(c0711e73a1c10414a8906d66e8c3ffb7) Importer(815301076,1909f56bfc062723c751e8b465ee728b)
Start importing Assets/Resources/Character.prefab using Guid(c0711e73a1c10414a8906d66e8c3ffb7) Importer(815301076,1909f56bfc062723c751e8b465ee728b)  -> (artifact id: '5eaa55e2296e476756ab8ae63342de56') in 0.045704 seconds 
========================================================================
Received Import Request.
  Time since last request: 423.527524 seconds.
  path: Assets/Resources/Character.prefab
  artifactKey: Guid(c0711e73a1c10414a8906d66e8c3ffb7) Importer(815301076,1909f56bfc062723c751e8b465ee728b)
Start importing Assets/Resources/Character.prefab using Guid(c0711e73a1c10414a8906d66e8c3ffb7) Importer(815301076,1909f56bfc062723c751e8b465ee728b)  -> (artifact id: '7d1735a0a55202171db0415e7883fae9') in 0.050976 seconds 
========================================================================
Received Import Request.
  Time since last request: 12.300985 seconds.
  path: Assets/Resources/Character.prefab
  artifactKey: Guid(c0711e73a1c10414a8906d66e8c3ffb7) Importer(815301076,1909f56bfc062723c751e8b465ee728b)
Start importing Assets/Resources/Character.prefab using Guid(c0711e73a1c10414a8906d66e8c3ffb7) Importer(815301076,1909f56bfc062723c751e8b465ee728b)  -> (artifact id: '1239afe4328707a2460c0a567338c35d') in 0.045400 seconds 
========================================================================
Received Import Request.
  Time since last request: 0.189167 seconds.
  path: Assets/Resources/Character.prefab
  artifactKey: Guid(c0711e73a1c10414a8906d66e8c3ffb7) Importer(815301076,1909f56bfc062723c751e8b465ee728b)
Start importing Assets/Resources/Character.prefab using Guid(c0711e73a1c10414a8906d66e8c3ffb7) Importer(815301076,1909f56bfc062723c751e8b465ee728b)  -> (artifact id: '06a17f0697fd80e11fe44fdf6301154f') in 0.045908 seconds 
========================================================================
Received Import Request.
  Time since last request: 0.504210 seconds.
  path: Assets/Resources/Character.prefab
  artifactKey: Guid(c0711e73a1c10414a8906d66e8c3ffb7) Importer(815301076,1909f56bfc062723c751e8b465ee728b)
Start importing Assets/Resources/Character.prefab using Guid(c0711e73a1c10414a8906d66e8c3ffb7) Importer(815301076,1909f56bfc062723c751e8b465ee728b)  -> (artifact id: 'e163db111241c6aa2c1923ea9177ca36') in 0.046371 seconds 
========================================================================
Received Import Request.
  Time since last request: 216.366267 seconds.
  path: Assets/Rpr_Loot_Pack/Textures
  artifactKey: Guid(a401659c22ecd4f4a8f6a7dff3f92765) Importer(815301076,1909f56bfc062723c751e8b465ee728b)
Start importing Assets/Rpr_Loot_Pack/Textures using Guid(a401659c22ecd4f4a8f6a7dff3f92765) Importer(815301076,1909f56bfc062723c751e8b465ee728b)  -> (artifact id: 'e98451e1f0a4044b8ba2398f55a20392') in 0.008808 seconds 
========================================================================
Received Import Request.
  Time since last request: 0.031259 seconds.
  path: Assets/Rpr_Loot_Pack/Textures/red_gold.png
  artifactKey: Guid(57283dd0925694444930b2b9b64d36fd) Importer(815301076,1909f56bfc062723c751e8b465ee728b)
Start importing Assets/Rpr_Loot_Pack/Textures/red_gold.png using Guid(57283dd0925694444930b2b9b64d36fd) Importer(815301076,1909f56bfc062723c751e8b465ee728b)  -> (artifact id: 'c5c0b5c05f7b901c528ace0d82f87bf9') in 0.058019 seconds 
========================================================================
Received Import Request.
  Time since last request: 10.402919 seconds.
  path: Assets/Rpr_Loot_Pack/Textures/Tr.png
  artifactKey: Guid(57283dd0925694444930b2b9b64d36fd) Importer(815301076,1909f56bfc062723c751e8b465ee728b)
Start importing Assets/Rpr_Loot_Pack/Textures/Tr.png using Guid(57283dd0925694444930b2b9b64d36fd) Importer(815301076,1909f56bfc062723c751e8b465ee728b)  -> (artifact id: '8516d1b82ac4b94b8c15da9fe2b999a8') in 0.015943 seconds 
========================================================================
Received Import Request.
  Time since last request: 12.563792 seconds.
  path: Assets/Rpr_Loot_Pack/Textures/Treasure.png
  artifactKey: Guid(57283dd0925694444930b2b9b64d36fd) Importer(815301076,1909f56bfc062723c751e8b465ee728b)
Start importing Assets/Rpr_Loot_Pack/Textures/Treasure.png using Guid(57283dd0925694444930b2b9b64d36fd) Importer(815301076,1909f56bfc062723c751e8b465ee728b)  -> (artifact id: 'e837d7753afcf30c239b5133e4fce0de') in 0.013326 seconds 
========================================================================
Received Import Request.
  Time since last request: 1.283815 seconds.
  path: Assets/Rpr_Loot_Pack/Meshes/chest_lvl1.fbx
  artifactKey: Guid(7e774093601d5d04496956584e9f8f04) Importer(815301076,1909f56bfc062723c751e8b465ee728b)
Start importing Assets/Rpr_Loot_Pack/Meshes/chest_lvl1.fbx using Guid(7e774093601d5d04496956584e9f8f04) Importer(815301076,1909f56bfc062723c751e8b465ee728b)  -> (artifact id: '4d6ba1dc0cb2d8e36960e9bc605720fc') in 0.045671 seconds 
========================================================================
Received Import Request.
  Time since last request: 4.553132 seconds.
  path: Assets/Rpr_Loot_Pack/Meshes/Treasure Box.fbx
  artifactKey: Guid(7e774093601d5d04496956584e9f8f04) Importer(815301076,1909f56bfc062723c751e8b465ee728b)
Start importing Assets/Rpr_Loot_Pack/Meshes/Treasure Box.fbx using Guid(7e774093601d5d04496956584e9f8f04) Importer(815301076,1909f56bfc062723c751e8b465ee728b)  -> (artifact id: 'be1b7df06ab313353c384220965e4ad9') in 0.019548 seconds 
========================================================================
Received Import Request.
  Time since last request: 31.862216 seconds.
  path: Assets/Texture/Props Texture
  artifactKey: Guid(ac50633c8863b8247839ded6ff8b9322) Importer(815301076,1909f56bfc062723c751e8b465ee728b)
Start importing Assets/Texture/Props Texture using Guid(ac50633c8863b8247839ded6ff8b9322) Importer(815301076,1909f56bfc062723c751e8b465ee728b)  -> (artifact id: '31df06e0dcb7928de2e4685171c3c230') in 0.008865 seconds 
========================================================================
Received Import Request.
  Time since last request: 22.269515 seconds.
  path: Assets/Texture/Props Texture/Treasure Box.png
  artifactKey: Guid(57283dd0925694444930b2b9b64d36fd) Importer(815301076,1909f56bfc062723c751e8b465ee728b)
Start importing Assets/Texture/Props Texture/Treasure Box.png using Guid(57283dd0925694444930b2b9b64d36fd) Importer(815301076,1909f56bfc062723c751e8b465ee728b)  -> (artifact id: '5bde8e1bbe5a03de3deabec4cde24d01') in 0.011080 seconds 
========================================================================
Received Import Request.
  Time since last request: 187.539874 seconds.
  path: Assets/Resources/Treasure Box.prefab
  artifactKey: Guid(dd134b6c4ecc16b48a490c50351b115d) Importer(815301076,1909f56bfc062723c751e8b465ee728b)
Start importing Assets/Resources/Treasure Box.prefab using Guid(dd134b6c4ecc16b48a490c50351b115d) Importer(815301076,1909f56bfc062723c751e8b465ee728b)  -> (artifact id: '0cab9a74da9414455334c69695a5dffa') in 0.016514 seconds 
========================================================================
Received Prepare
Registering precompiled user dll's ...
Registered in 0.018126 seconds.
Begin MonoManager ReloadAssembly
Symbol file LoadedFromMemory doesn't match image D:\SBS_Code\Unity-Photon\Photon Game\Library\PackageCache\com.unity.visualscripting@1.8.0\Editor\VisualScripting.Core\Dependencies\YamlDotNet\Unity.VisualScripting.YamlDotNet.dll
Symbol file LoadedFromMemory doesn't match image D:\SBS_Code\Unity-Photon\Photon Game\Library\PackageCache\com.unity.visualscripting@1.8.0\Editor\VisualScripting.Core\Dependencies\DotNetZip\Unity.VisualScripting.IonicZip.dll
Native extension for WindowsStandalone target not found
Native extension for iOS target not found
Native extension for Android target not found
Refreshing native plugins compatible for Editor in 0.54 ms, found 3 plugins.
Preloading 0 native plugins for Editor in 0.00 ms.
Mono: successfully reloaded assembly
- Completed reload, in  1.369 seconds
Domain Reload Profiling:
	ReloadAssembly (1370ms)
		BeginReloadAssembly (245ms)
			ExecutionOrderSort (0ms)
			DisableScriptedObjects (7ms)
			BackupInstance (0ms)
			ReleaseScriptingObjects (0ms)
			CreateAndSetChildDomain (80ms)
		EndReloadAssembly (1004ms)
			LoadAssemblies (153ms)
			RebuildTransferFunctionScriptingTraits (0ms)
			SetupTypeCache (289ms)
			ReleaseScriptCaches (1ms)
			RebuildScriptCaches (39ms)
			SetupLoadedEditorAssemblies (514ms)
				LogAssemblyErrors (0ms)
				InitializePlatformSupportModulesInManaged (38ms)
				SetLoadedEditorAssemblies (0ms)
				RefreshPlugins (1ms)
				BeforeProcessingInitializeOnLoad (81ms)
				ProcessInitializeOnLoadAttributes (357ms)
				ProcessInitializeOnLoadMethodAttributes (18ms)
				AfterProcessingInitializeOnLoad (19ms)
				EditorAssembliesLoaded (0ms)
			ExecutionOrderSort2 (0ms)
			AwakeInstancesAfterBackupRestoration (12ms)
Platform modules already initialized, skipping
Refreshing native plugins compatible for Editor in 2.82 ms, found 3 plugins.
Preloading 0 native plugins for Editor in 0.00 ms.
Unloading 3396 Unused Serialized files (Serialized files now loaded: 0)
Unloading 28 unused Assets / (80.0 KB). Loaded Objects now: 3902.
Memory consumption went from 144.7 MB to 144.7 MB.
Total: 2.731000 ms (FindLiveObjects: 0.246900 ms CreateObjectMapping: 0.200000 ms MarkObjects: 2.209400 ms  DeleteObjects: 0.074000 ms)

AssetImportParameters requested are different than current active one (requested -> active):
  custom:video-decoder-ogg-theora: a1e56fd34408186e4bbccfd4996cb3dc -> 
  custom:container-muxer-webm: aa71ff27fc2769a1b78a27578f13a17b -> 
  custom:container-demuxer-webm: 4f35f7cbe854078d1ac9338744f61a02 -> 
  custom:video-encoder-webm-vp8: eb34c28f22e8b96e1ab97ce403110664 -> 
  custom:audio-encoder-webm-vorbis: bf7c407c2cedff20999df2af8eb42d56 -> 
  custom:framework-win-MediaFoundation: 216162199b28c13a410421893ffa2e32 -> 
  custom:container-demuxer-ogg: 62fdf1f143b41e24485cea50d1cbac27 -> 
  custom:video-decoder-webm-vp8: 9c59270c3fd7afecdb556c50c9e8de78 -> 
  custom:audio-decoder-ogg-vorbis: bf7c407c2cedff20999df2af8eb42d56 -> 
========================================================================
Received Import Request.
  Time since last request: 1428.340330 seconds.
  path: Assets/Scenes/Photon Game.unity
  artifactKey: Guid(3bc37f01420a6bd4e8011f6525ab642e) Importer(815301076,1909f56bfc062723c751e8b465ee728b)
Start importing Assets/Scenes/Photon Game.unity using Guid(3bc37f01420a6bd4e8011f6525ab642e) Importer(815301076,1909f56bfc062723c751e8b465ee728b)  -> (artifact id: 'f3b07ed1e87172d61e2686b8125b8202') in 0.012346 seconds 
